[0531/154817.390:ERROR:process_info.cc(359)] UncheckedAllocate
[0601/181502.478:ERROR:process_reader_win.cc(123)] NtOpenThread: {Access Denied} A process has requested access to an object, but has not been granted those access rights. (0xc0000022)
[0601/181502.479:ERROR:exception_snapshot_win.cc(98)] thread ID 16344 not found in process
[0601/181502.590:ERROR:process_reader_win.cc(123)] NtOpenThread: {Access Denied} A process has requested access to an object, but has not been granted those access rights. (0xc0000022)
[0601/181502.590:ERROR:exception_snapshot_win.cc(98)] thread ID 12968 not found in process
[0602/102445.600:ERROR:process_reader_win.cc(123)] NtOpenThread: {Access Denied} A process has requested access to an object, but has not been granted those access rights. (0xc0000022)
[0602/102445.601:ERROR:exception_snapshot_win.cc(98)] thread ID 6192 not found in process
[0602/102445.716:ERROR:process_reader_win.cc(123)] NtOpenThread: {Access Denied} A process has requested access to an object, but has not been granted those access rights. (0xc0000022)
[0602/102445.716:ERROR:exception_snapshot_win.cc(98)] thread ID 6888 not found in process
[0602/102445.819:ERROR:process_reader_win.cc(123)] NtOpenThread: {Access Denied} A process has requested access to an object, but has not been granted those access rights. (0xc0000022)
[0602/102445.819:ERROR:exception_snapshot_win.cc(98)] thread ID 17996 not found in process
[0602/132954.960:ERROR:process_reader_win.cc(123)] NtOpenThread: {Access Denied} A process has requested access to an object, but has not been granted those access rights. (0xc0000022)
[0602/132954.961:ERROR:exception_snapshot_win.cc(98)] thread ID 10576 not found in process
[0602/132955.024:ERROR:process_reader_win.cc(123)] NtOpenThread: {Access Denied} A process has requested access to an object, but has not been granted those access rights. (0xc0000022)
[0602/132955.024:ERROR:exception_snapshot_win.cc(98)] thread ID 7716 not found in process
[0602/132955.138:ERROR:process_reader_win.cc(123)] NtOpenThread: {Access Denied} A process has requested access to an object, but has not been granted those access rights. (0xc0000022)
[0602/132955.138:ERROR:exception_snapshot_win.cc(98)] thread ID 2348 not found in process
[0602/132955.205:ERROR:process_reader_win.cc(123)] NtOpenThread: {Access Denied} A process has requested access to an object, but has not been granted those access rights. (0xc0000022)
[0602/132955.206:ERROR:exception_snapshot_win.cc(98)] thread ID 5936 not found in process
[0602/132955.278:ERROR:process_reader_win.cc(123)] NtOpenThread: {Access Denied} A process has requested access to an object, but has not been granted those access rights. (0xc0000022)
[0602/132955.278:ERROR:exception_snapshot_win.cc(98)] thread ID 4912 not found in process
[0602/132955.358:ERROR:process_info.cc(329)] VirtualQueryEx: Access is denied. (0x5)
[0602/132955.359:ERROR:process_info.cc(556)] ReadMemoryInfo failed
[0602/132955.359:ERROR:process_memory_win.cc(39)] Failed to initialize ProcessInfo.
[0602/132955.359:ERROR:scoped_process_suspend.cc(40)] NtResumeProcess: An attempt was made to access an exiting process. (0xc000010a)
[0602/164726.475:ERROR:process_reader_win.cc(123)] NtOpenThread: {Access Denied} A process has requested access to an object, but has not been granted those access rights. (0xc0000022)
[0602/164726.476:ERROR:exception_snapshot_win.cc(98)] thread ID 9092 not found in process
[0602/164726.558:ERROR:process_reader_win.cc(123)] NtOpenThread: {Access Denied} A process has requested access to an object, but has not been granted those access rights. (0xc0000022)
[0602/164726.558:ERROR:exception_snapshot_win.cc(98)] thread ID 14180 not found in process
[0602/170510.921:ERROR:process_reader_win.cc(123)] NtOpenThread: {Access Denied} A process has requested access to an object, but has not been granted those access rights. (0xc0000022)
[0602/170510.922:ERROR:exception_snapshot_win.cc(98)] thread ID 14256 not found in process
[0602/170511.007:ERROR:process_reader_win.cc(123)] NtOpenThread: {Access Denied} A process has requested access to an object, but has not been granted those access rights. (0xc0000022)
[0602/170511.007:ERROR:exception_snapshot_win.cc(98)] thread ID 20412 not found in process
[0602/170511.116:ERROR:process_reader_win.cc(123)] NtOpenThread: {Access Denied} A process has requested access to an object, but has not been granted those access rights. (0xc0000022)
[0602/170511.116:ERROR:exception_snapshot_win.cc(98)] thread ID 20100 not found in process
[0602/170511.242:ERROR:process_reader_win.cc(123)] NtOpenThread: {Access Denied} A process has requested access to an object, but has not been granted those access rights. (0xc0000022)
[0602/170511.242:ERROR:exception_snapshot_win.cc(98)] thread ID 19428 not found in process
[0602/175109.648:ERROR:process_reader_win.cc(123)] NtOpenThread: {Access Denied} A process has requested access to an object, but has not been granted those access rights. (0xc0000022)
[0602/175109.648:ERROR:exception_snapshot_win.cc(98)] thread ID 9528 not found in process
[0602/175109.742:ERROR:process_reader_win.cc(123)] NtOpenThread: {Access Denied} A process has requested access to an object, but has not been granted those access rights. (0xc0000022)
[0602/175109.742:ERROR:exception_snapshot_win.cc(98)] thread ID 20128 not found in process
[0602/180530.234:ERROR:process_reader_win.cc(123)] NtOpenThread: {Access Denied} A process has requested access to an object, but has not been granted those access rights. (0xc0000022)
[0602/180530.234:ERROR:exception_snapshot_win.cc(98)] thread ID 12256 not found in process
[0602/180530.290:ERROR:process_reader_win.cc(123)] NtOpenThread: {Access Denied} A process has requested access to an object, but has not been granted those access rights. (0xc0000022)
[0602/180530.290:ERROR:exception_snapshot_win.cc(98)] thread ID 6040 not found in process
[0604/181820.742:ERROR:process_reader_win.cc(123)] NtOpenThread: {Access Denied} A process has requested access to an object, but has not been granted those access rights. (0xc0000022)
[0604/181820.744:ERROR:exception_snapshot_win.cc(98)] thread ID 20728 not found in process
[0604/181820.839:ERROR:process_reader_win.cc(123)] NtOpenThread: {Access Denied} A process has requested access to an object, but has not been granted those access rights. (0xc0000022)
[0604/181820.839:ERROR:exception_snapshot_win.cc(98)] thread ID 10692 not found in process
